<?xml version="1.0" encoding="UTF-8"?>
<testsuites>
  <testsuite name="" tests="18" assertions="24" errors="0" warnings="0" failures="0" skipped="0" time="0.087254">
    <testsuite name="Security" tests="18" assertions="24" errors="0" warnings="0" failures="0" skipped="0" time="0.087254">
      <testsuite name="SecurityTest" file="C:\Users\elien\sonar-analysis\gmh-sarl\tests\Security\SecurityTest.php" tests="18" assertions="24" errors="0" warnings="0" failures="0" skipped="0" time="0.087254">
        <testcase name="testGenerateCSRFToken" class="SecurityTest" classname="SecurityTest" file="C:\Users\elien\sonar-analysis\gmh-sarl\tests\Security\SecurityTest.php" line="20" assertions="3" time="0.041468"/>
        <testcase name="testVerifyCSRFTokenValid" class="SecurityTest" classname="SecurityTest" file="C:\Users\elien\sonar-analysis\gmh-sarl\tests\Security\SecurityTest.php" line="32" assertions="1" time="0.002936"/>
        <testcase name="testVerifyCSRFTokenInvalid" class="SecurityTest" classname="SecurityTest" file="C:\Users\elien\sonar-analysis\gmh-sarl\tests\Security\SecurityTest.php" line="43" assertions="1" time="0.002565"/>
        <testcase name="testVerifyCSRFTokenExpired" class="SecurityTest" classname="SecurityTest" file="C:\Users\elien\sonar-analysis\gmh-sarl\tests\Security\SecurityTest.php" line="54" assertions="1" time="0.000993"/>
        <testcase name="testRateLimitingNotTriggered" class="SecurityTest" classname="SecurityTest" file="C:\Users\elien\sonar-analysis\gmh-sarl\tests\Security\SecurityTest.php" line="67" assertions="1" time="0.001076"/>
        <testcase name="testRateLimitingTriggered" class="SecurityTest" classname="SecurityTest" file="C:\Users\elien\sonar-analysis\gmh-sarl\tests\Security\SecurityTest.php" line="77" assertions="1" time="0.001317"/>
        <testcase name="testRecordFailedLogin" class="SecurityTest" classname="SecurityTest" file="C:\Users\elien\sonar-analysis\gmh-sarl\tests\Security\SecurityTest.php" line="90" assertions="2" time="0.001949"/>
        <testcase name="testSessionValidationNoUserId" class="SecurityTest" classname="SecurityTest" file="C:\Users\elien\sonar-analysis\gmh-sarl\tests\Security\SecurityTest.php" line="101" assertions="1" time="0.001323"/>
        <testcase name="testSessionValidationValid" class="SecurityTest" classname="SecurityTest" file="C:\Users\elien\sonar-analysis\gmh-sarl\tests\Security\SecurityTest.php" line="111" assertions="1" time="0.001327"/>
        <testcase name="testSessionValidationExpired" class="SecurityTest" classname="SecurityTest" file="C:\Users\elien\sonar-analysis\gmh-sarl\tests\Security\SecurityTest.php" line="125" assertions="1" time="0.005405"/>
        <testcase name="testValidEmailValid" class="SecurityTest" classname="SecurityTest" file="C:\Users\elien\sonar-analysis\gmh-sarl\tests\Security\SecurityTest.php" line="138" assertions="1" time="0.005435"/>
        <testcase name="testValidEmailInvalid" class="SecurityTest" classname="SecurityTest" file="C:\Users\elien\sonar-analysis\gmh-sarl\tests\Security\SecurityTest.php" line="148" assertions="1" time="0.001719"/>
        <testcase name="testPasswordStrengthWeak" class="SecurityTest" classname="SecurityTest" file="C:\Users\elien\sonar-analysis\gmh-sarl\tests\Security\SecurityTest.php" line="158" assertions="2" time="0.003266"/>
        <testcase name="testPasswordStrengthStrong" class="SecurityTest" classname="SecurityTest" file="C:\Users\elien\sonar-analysis\gmh-sarl\tests\Security\SecurityTest.php" line="169" assertions="2" time="0.001516"/>
        <testcase name="testSanitizeOutput" class="SecurityTest" classname="SecurityTest" file="C:\Users\elien\sonar-analysis\gmh-sarl\tests\Security\SecurityTest.php" line="180" assertions="2" time="0.010158"/>
        <testcase name="testGetCurrentUserId" class="SecurityTest" classname="SecurityTest" file="C:\Users\elien\sonar-analysis\gmh-sarl\tests\Security\SecurityTest.php" line="192" assertions="1" time="0.001682"/>
        <testcase name="testGetCurrentUserEmail" class="SecurityTest" classname="SecurityTest" file="C:\Users\elien\sonar-analysis\gmh-sarl\tests\Security\SecurityTest.php" line="204" assertions="1" time="0.001437"/>
        <testcase name="testLogout" class="SecurityTest" classname="SecurityTest" file="C:\Users\elien\sonar-analysis\gmh-sarl\tests\Security\SecurityTest.php" line="216" assertions="1" time="0.001683"/>
      </testsuite>
    </testsuite>
  </testsuite>
</testsuites>
